<?xml version="1.0" encoding="UTF-8"?>
<testsuite name="com.mindex.challenge.ChallengeApplicationTests" tests="1" skipped="0" failures="0" errors="0" timestamp="2025-03-23T16:29:00.603Z" hostname="Judes-MacBook-Air-5.local" time="0.386">
  <properties/>
  <testcase name="contextLoads" classname="com.mindex.challenge.ChallengeApplicationTests" time="0.386"/>
  <system-out><![CDATA[12:28:59.490 [Test worker] INFO org.springframework.test.context.support.AnnotationConfigContextLoaderUtils -- Could not detect default configuration classes for test class [com.mindex.challenge.ChallengeApplicationTests]: ChallengeApplicationTests does not declare any static, non-private, non-final, nested classes annotated with @Configuration.
12:28:59.538 [Test worker] INFO org.springframework.boot.test.context.SpringBootTestContextBootstrapper -- Found @SpringBootConfiguration com.mindex.challenge.ChallengeApplication for test class com.mindex.challenge.ChallengeApplicationTests

  .   ____          _            __ _ _
 /\\ / ___'_ __ _ _(_)_ __  __ _ \ \ \ \
( ( )\___ | '_ | '_| | '_ \/ _` | \ \ \ \
 \\/  ___)| |_)| | | | | || (_| |  ) ) ) )
  '  |____| .__|_| |_|_| |_\__, | / / / /
 =========|_|==============|___/=/_/_/_/
?[32m :: Spring Boot :: ?[39m              ?[2m (v3.2.3)?[0;39m

?[2m2025-03-23T12:28:59.703-04:00?[0;39m ?[32m INFO?[0;39m ?[35m90667?[0;39m ?[2m---?[0;39m ?[2m[    Test worker]?[0;39m ?[2m?[0;39m?[36mc.m.challenge.ChallengeApplicationTests ?[0;39m ?[2m:?[0;39m Starting ChallengeApplicationTests using Java 23.0.2 with PID 90667 (started by judeaman in /Users/judeaman/Downloads/mindex-code-challenge)
?[2m2025-03-23T12:28:59.703-04:00?[0;39m ?[32mDEBUG?[0;39m ?[35m90667?[0;39m ?[2m---?[0;39m ?[2m[    Test worker]?[0;39m ?[2m?[0;39m?[36mc.m.challenge.ChallengeApplicationTests ?[0;39m ?[2m:?[0;39m Running with Spring Boot v3.2.3, Spring v6.1.4
?[2m2025-03-23T12:28:59.703-04:00?[0;39m ?[32m INFO?[0;39m ?[35m90667?[0;39m ?[2m---?[0;39m ?[2m[    Test worker]?[0;39m ?[2m?[0;39m?[36mc.m.challenge.ChallengeApplicationTests ?[0;39m ?[2m:?[0;39m No active profile set, falling back to 1 default profile: "default"
?[2m2025-03-23T12:28:59.888-04:00?[0;39m ?[32m INFO?[0;39m ?[35m90667?[0;39m ?[2m---?[0;39m ?[2m[    Test worker]?[0;39m ?[2m?[0;39m?[36m.s.d.r.c.RepositoryConfigurationDelegate?[0;39m ?[2m:?[0;39m Bootstrapping Spring Data MongoDB repositories in DEFAULT mode.
?[2m2025-03-23T12:28:59.903-04:00?[0;39m ?[32m INFO?[0;39m ?[35m90667?[0;39m ?[2m---?[0;39m ?[2m[    Test worker]?[0;39m ?[2m?[0;39m?[36m.s.d.r.c.RepositoryConfigurationDelegate?[0;39m ?[2m:?[0;39m Finished Spring Data repository scanning in 12 ms. Found 2 MongoDB repository interfaces.
?[2m2025-03-23T12:29:00.140-04:00?[0;39m ?[32m INFO?[0;39m ?[35m90667?[0;39m ?[2m---?[0;39m ?[2m[    Test worker]?[0;39m ?[2m?[0;39m?[36mde.bwaldvogel.mongo.MongoServer         ?[0;39m ?[2m:?[0;39m started MongoServer(port: 53199, ssl: false)
?[2m2025-03-23T12:29:00.189-04:00?[0;39m ?[32m INFO?[0;39m ?[35m90667?[0;39m ?[2m---?[0;39m ?[2m[    Test worker]?[0;39m ?[2m?[0;39m?[36morg.mongodb.driver.client               ?[0;39m ?[2m:?[0;39m MongoClient with metadata {"driver": {"name": "mongo-java-driver|sync", "version": "4.11.1"}, "os": {"type": "Darwin", "name": "Mac OS X", "architecture": "aarch64", "version": "15.4"}, "platform": "Java/Homebrew/23.0.2"} created with settings MongoClientSettings{readPreference=primary, writeConcern=WriteConcern{w=null, wTimeout=null ms, journal=null}, retryWrites=true, retryReads=true, readConcern=ReadConcern{level=null}, credential=null, transportSettings=null, streamFactoryFactory=null, commandListeners=[], codecRegistry=ProvidersCodecRegistry{codecProviders=[ValueCodecProvider{}, BsonValueCodecProvider{}, DBRefCodecProvider{}, DBObjectCodecProvider{}, DocumentCodecProvider{}, CollectionCodecProvider{}, IterableCodecProvider{}, MapCodecProvider{}, GeoJsonCodecProvider{}, GridFSFileCodecProvider{}, Jsr310CodecProvider{}, JsonObjectCodecProvider{}, BsonCodecProvider{}, EnumCodecProvider{}, com.mongodb.client.model.mql.ExpressionCodecProvider@64b018f3, com.mongodb.Jep395RecordCodecProvider@20801cbb, com.mongodb.KotlinCodecProvider@581b1c08]}, loggerSettings=LoggerSettings{maxDocumentLength=1000}, clusterSettings={hosts=[localhost:53199], srvServiceName=mongodb, mode=SINGLE, requiredClusterType=UNKNOWN, requiredReplicaSetName='null', serverSelector='null', clusterListeners='[]', serverSelectionTimeout='30000 ms', localThreshold='15 ms'}, socketSettings=SocketSettings{connectTimeoutMS=10000, readTimeoutMS=0, receiveBufferSize=0, proxySettings=ProxySettings{host=null, port=null, username=null, password=null}}, heartbeatSocketSettings=SocketSettings{connectTimeoutMS=10000, readTimeoutMS=10000, receiveBufferSize=0, proxySettings=ProxySettings{host=null, port=null, username=null, password=null}}, connectionPoolSettings=ConnectionPoolSettings{maxSize=100, minSize=0, maxWaitTimeMS=120000, maxConnectionLifeTimeMS=0, maxConnectionIdleTimeMS=0, maintenanceInitialDelayMS=0, maintenanceFrequencyMS=60000, connectionPoolListeners=[], maxConnecting=2}, serverSettings=ServerSettings{heartbeatFrequencyMS=10000, minHeartbeatFrequencyMS=500, serverListeners='[]', serverMonitorListeners='[]'}, sslSettings=SslSettings{enabled=false, invalidHostNameAllowed=false, context=null}, applicationName='null', compressorList=[], uuidRepresentation=UNSPECIFIED, serverApi=null, autoEncryptionSettings=null, dnsClient=null, inetAddressResolver=null, contextProvider=null}
?[2m2025-03-23T12:29:00.196-04:00?[0;39m ?[32m INFO?[0;39m ?[35m90667?[0;39m ?[2m---?[0;39m ?[2m[-server-worker1]?[0;39m ?[2m?[0;39m?[36md.b.mongo.wire.MongoWireProtocolHandler ?[0;39m ?[2m:?[0;39m client [id: 0x51c0b27a, L:/127.0.0.1:53199 - R:/127.0.0.1:53200] connected
?[2m2025-03-23T12:29:00.196-04:00?[0;39m ?[32m INFO?[0;39m ?[35m90667?[0;39m ?[2m---?[0;39m ?[2m[-server-worker2]?[0;39m ?[2m?[0;39m?[36md.b.mongo.wire.MongoWireProtocolHandler ?[0;39m ?[2m:?[0;39m client [id: 0xbe555bd8, L:/127.0.0.1:53199 - R:/127.0.0.1:53201] connected
?[2m2025-03-23T12:29:00.221-04:00?[0;39m ?[32m INFO?[0;39m ?[35m90667?[0;39m ?[2m---?[0;39m ?[2m[localhost:53199]?[0;39m ?[2m?[0;39m?[36morg.mongodb.driver.cluster              ?[0;39m ?[2m:?[0;39m Monitor thread successfully connected to server with description ServerDescription{address=localhost:53199, type=STANDALONE, state=CONNECTED, ok=true, minWireVersion=0, maxWireVersion=6, maxDocumentSize=16777216, logicalSessionTimeoutMinutes=null, roundTripTimeNanos=30078041}
?[2m2025-03-23T12:29:00.389-04:00?[0;39m ?[32m INFO?[0;39m ?[35m90667?[0;39m ?[2m---?[0;39m ?[2m[-server-worker3]?[0;39m ?[2m?[0;39m?[36md.b.mongo.wire.MongoWireProtocolHandler ?[0;39m ?[2m:?[0;39m client [id: 0xdc51ba4d, L:/127.0.0.1:53199 - R:/127.0.0.1:53203] connected
?[2m2025-03-23T12:29:00.401-04:00?[0;39m ?[32m INFO?[0;39m ?[35m90667?[0;39m ?[2m---?[0;39m ?[2m[-server-worker3]?[0;39m ?[2m?[0;39m?[36md.b.mongo.backend.AbstractMongoBackend  ?[0;39m ?[2m:?[0;39m created database test
?[2m2025-03-23T12:29:00.403-04:00?[0;39m ?[32m INFO?[0;39m ?[35m90667?[0;39m ?[2m---?[0;39m ?[2m[-server-worker3]?[0;39m ?[2m?[0;39m?[36md.b.mongo.backend.AbstractMongoDatabase ?[0;39m ?[2m:?[0;39m adding unique _id index for collection employee
?[2m2025-03-23T12:29:00.405-04:00?[0;39m ?[32m INFO?[0;39m ?[35m90667?[0;39m ?[2m---?[0;39m ?[2m[-server-worker3]?[0;39m ?[2m?[0;39m?[36md.b.mongo.backend.AbstractMongoDatabase ?[0;39m ?[2m:?[0;39m created collection test.employee
?[2m2025-03-23T12:29:00.596-04:00?[0;39m ?[32m INFO?[0;39m ?[35m90667?[0;39m ?[2m---?[0;39m ?[2m[    Test worker]?[0;39m ?[2m?[0;39m?[36mc.m.challenge.ChallengeApplicationTests ?[0;39m ?[2m:?[0;39m Started ChallengeApplicationTests in 0.993 seconds (process running for 1.424)
]]></system-out>
  <system-err><![CDATA[WARNING: A Java agent has been loaded dynamically (/Users/judeaman/.gradle/caches/modules-2/files-2.1/net.bytebuddy/byte-buddy-agent/1.14.12/be4984cb6fd1ef1d11f218a648889dfda44b8a15/byte-buddy-agent-1.14.12.jar)
WARNING: If a serviceability tool is in use, please run with -XX:+EnableDynamicAgentLoading to hide this warning
WARNING: If a serviceability tool is not in use, please run with -Djdk.instrument.traceUsage for more information
WARNING: Dynamic loading of agents will be disallowed by default in a future release
]]></system-err>
</testsuite>
