<?xml version="1.0" encoding="UTF-8"?>
<testsuite name="com.mindex.challenge.service.impl.EmployeeServiceImplTest" tests="1" skipped="0" failures="0" errors="0" timestamp="2025-03-23T16:29:01.285Z" hostname="Judes-MacBook-Air-5.local" time="0.079">
  <properties/>
  <testcase name="testCreateReadUpdate" classname="com.mindex.challenge.service.impl.EmployeeServiceImplTest" time="0.079"/>
  <system-out><![CDATA[?[2m2025-03-23T12:29:01.018-04:00?[0;39m ?[32m INFO?[0;39m ?[35m90667?[0;39m ?[2m---?[0;39m ?[2m[    Test worker]?[0;39m ?[2m?[0;39m?[36mt.c.s.AnnotationConfigContextLoaderUtils?[0;39m ?[2m:?[0;39m Could not detect default configuration classes for test class [com.mindex.challenge.service.impl.EmployeeServiceImplTest]: EmployeeServiceImplTest does not declare any static, non-private, non-final, nested classes annotated with @Configuration.
?[2m2025-03-23T12:29:01.029-04:00?[0;39m ?[32m INFO?[0;39m ?[35m90667?[0;39m ?[2m---?[0;39m ?[2m[    Test worker]?[0;39m ?[2m?[0;39m?[36m.b.t.c.SpringBootTestContextBootstrapper?[0;39m ?[2m:?[0;39m Found @SpringBootConfiguration com.mindex.challenge.ChallengeApplication for test class com.mindex.challenge.service.impl.EmployeeServiceImplTest

  .   ____          _            __ _ _
 /\\ / ___'_ __ _ _(_)_ __  __ _ \ \ \ \
( ( )\___ | '_ | '_| | '_ \/ _` | \ \ \ \
 \\/  ___)| |_)| | | | | || (_| |  ) ) ) )
  '  |____| .__|_| |_|_| |_\__, | / / / /
 =========|_|==============|___/=/_/_/_/
?[32m :: Spring Boot :: ?[39m              ?[2m (v3.2.3)?[0;39m

?[2m2025-03-23T12:29:01.043-04:00?[0;39m ?[32m INFO?[0;39m ?[35m90667?[0;39m ?[2m---?[0;39m ?[2m[    Test worker]?[0;39m ?[2m?[0;39m?[36mc.m.c.s.impl.EmployeeServiceImplTest    ?[0;39m ?[2m:?[0;39m Starting EmployeeServiceImplTest using Java 23.0.2 with PID 90667 (started by judeaman in /Users/judeaman/Downloads/mindex-code-challenge)
?[2m2025-03-23T12:29:01.043-04:00?[0;39m ?[32mDEBUG?[0;39m ?[35m90667?[0;39m ?[2m---?[0;39m ?[2m[    Test worker]?[0;39m ?[2m?[0;39m?[36mc.m.c.s.impl.EmployeeServiceImplTest    ?[0;39m ?[2m:?[0;39m Running with Spring Boot v3.2.3, Spring v6.1.4
?[2m2025-03-23T12:29:01.043-04:00?[0;39m ?[32m INFO?[0;39m ?[35m90667?[0;39m ?[2m---?[0;39m ?[2m[    Test worker]?[0;39m ?[2m?[0;39m?[36mc.m.c.s.impl.EmployeeServiceImplTest    ?[0;39m ?[2m:?[0;39m No active profile set, falling back to 1 default profile: "default"
?[2m2025-03-23T12:29:01.079-04:00?[0;39m ?[32m INFO?[0;39m ?[35m90667?[0;39m ?[2m---?[0;39m ?[2m[    Test worker]?[0;39m ?[2m?[0;39m?[36m.s.d.r.c.RepositoryConfigurationDelegate?[0;39m ?[2m:?[0;39m Bootstrapping Spring Data MongoDB repositories in DEFAULT mode.
?[2m2025-03-23T12:29:01.081-04:00?[0;39m ?[32m INFO?[0;39m ?[35m90667?[0;39m ?[2m---?[0;39m ?[2m[    Test worker]?[0;39m ?[2m?[0;39m?[36m.s.d.r.c.RepositoryConfigurationDelegate?[0;39m ?[2m:?[0;39m Finished Spring Data repository scanning in 1 ms. Found 2 MongoDB repository interfaces.
?[2m2025-03-23T12:29:01.165-04:00?[0;39m ?[32m INFO?[0;39m ?[35m90667?[0;39m ?[2m---?[0;39m ?[2m[    Test worker]?[0;39m ?[2m?[0;39m?[36mo.s.b.w.embedded.tomcat.TomcatWebServer ?[0;39m ?[2m:?[0;39m Tomcat initialized with port 0 (http)
?[2m2025-03-23T12:29:01.170-04:00?[0;39m ?[32m INFO?[0;39m ?[35m90667?[0;39m ?[2m---?[0;39m ?[2m[    Test worker]?[0;39m ?[2m?[0;39m?[36mo.apache.catalina.core.StandardService  ?[0;39m ?[2m:?[0;39m Starting service [Tomcat]
?[2m2025-03-23T12:29:01.170-04:00?[0;39m ?[32m INFO?[0;39m ?[35m90667?[0;39m ?[2m---?[0;39m ?[2m[    Test worker]?[0;39m ?[2m?[0;39m?[36mo.apache.catalina.core.StandardEngine   ?[0;39m ?[2m:?[0;39m Starting Servlet engine: [Apache Tomcat/10.1.19]
?[2m2025-03-23T12:29:01.190-04:00?[0;39m ?[32m INFO?[0;39m ?[35m90667?[0;39m ?[2m---?[0;39m ?[2m[    Test worker]?[0;39m ?[2m?[0;39m?[36mo.a.c.c.C.[Tomcat].[localhost].[/]      ?[0;39m ?[2m:?[0;39m Initializing Spring embedded WebApplicationContext
?[2m2025-03-23T12:29:01.191-04:00?[0;39m ?[32m INFO?[0;39m ?[35m90667?[0;39m ?[2m---?[0;39m ?[2m[    Test worker]?[0;39m ?[2m?[0;39m?[36mw.s.c.ServletWebServerApplicationContext?[0;39m ?[2m:?[0;39m Root WebApplicationContext: initialization completed in 146 ms
?[2m2025-03-23T12:29:01.211-04:00?[0;39m ?[32m INFO?[0;39m ?[35m90667?[0;39m ?[2m---?[0;39m ?[2m[    Test worker]?[0;39m ?[2m?[0;39m?[36mde.bwaldvogel.mongo.MongoServer         ?[0;39m ?[2m:?[0;39m started MongoServer(port: 53204, ssl: false)
?[2m2025-03-23T12:29:01.214-04:00?[0;39m ?[32m INFO?[0;39m ?[35m90667?[0;39m ?[2m---?[0;39m ?[2m[    Test worker]?[0;39m ?[2m?[0;39m?[36morg.mongodb.driver.client               ?[0;39m ?[2m:?[0;39m MongoClient with metadata {"driver": {"name": "mongo-java-driver|sync", "version": "4.11.1"}, "os": {"type": "Darwin", "name": "Mac OS X", "architecture": "aarch64", "version": "15.4"}, "platform": "Java/Homebrew/23.0.2"} created with settings MongoClientSettings{readPreference=primary, writeConcern=WriteConcern{w=null, wTimeout=null ms, journal=null}, retryWrites=true, retryReads=true, readConcern=ReadConcern{level=null}, credential=null, transportSettings=null, streamFactoryFactory=null, commandListeners=[], codecRegistry=ProvidersCodecRegistry{codecProviders=[ValueCodecProvider{}, BsonValueCodecProvider{}, DBRefCodecProvider{}, DBObjectCodecProvider{}, DocumentCodecProvider{}, CollectionCodecProvider{}, IterableCodecProvider{}, MapCodecProvider{}, GeoJsonCodecProvider{}, GridFSFileCodecProvider{}, Jsr310CodecProvider{}, JsonObjectCodecProvider{}, BsonCodecProvider{}, EnumCodecProvider{}, com.mongodb.client.model.mql.ExpressionCodecProvider@64b018f3, com.mongodb.Jep395RecordCodecProvider@20801cbb, com.mongodb.KotlinCodecProvider@581b1c08]}, loggerSettings=LoggerSettings{maxDocumentLength=1000}, clusterSettings={hosts=[localhost:53204], srvServiceName=mongodb, mode=SINGLE, requiredClusterType=UNKNOWN, requiredReplicaSetName='null', serverSelector='null', clusterListeners='[]', serverSelectionTimeout='30000 ms', localThreshold='15 ms'}, socketSettings=SocketSettings{connectTimeoutMS=10000, readTimeoutMS=0, receiveBufferSize=0, proxySettings=ProxySettings{host=null, port=null, username=null, password=null}}, heartbeatSocketSettings=SocketSettings{connectTimeoutMS=10000, readTimeoutMS=10000, receiveBufferSize=0, proxySettings=ProxySettings{host=null, port=null, username=null, password=null}}, connectionPoolSettings=ConnectionPoolSettings{maxSize=100, minSize=0, maxWaitTimeMS=120000, maxConnectionLifeTimeMS=0, maxConnectionIdleTimeMS=0, maintenanceInitialDelayMS=0, maintenanceFrequencyMS=60000, connectionPoolListeners=[], maxConnecting=2}, serverSettings=ServerSettings{heartbeatFrequencyMS=10000, minHeartbeatFrequencyMS=500, serverListeners='[]', serverMonitorListeners='[]'}, sslSettings=SslSettings{enabled=false, invalidHostNameAllowed=false, context=null}, applicationName='null', compressorList=[], uuidRepresentation=UNSPECIFIED, serverApi=null, autoEncryptionSettings=null, dnsClient=null, inetAddressResolver=null, contextProvider=null}
?[2m2025-03-23T12:29:01.214-04:00?[0;39m ?[32m INFO?[0;39m ?[35m90667?[0;39m ?[2m---?[0;39m ?[2m[-server-worker1]?[0;39m ?[2m?[0;39m?[36md.b.mongo.wire.MongoWireProtocolHandler ?[0;39m ?[2m:?[0;39m client [id: 0x6a63ccc3, L:/127.0.0.1:53204 - R:/127.0.0.1:53205] connected
?[2m2025-03-23T12:29:01.215-04:00?[0;39m ?[32m INFO?[0;39m ?[35m90667?[0;39m ?[2m---?[0;39m ?[2m[-server-worker2]?[0;39m ?[2m?[0;39m?[36md.b.mongo.wire.MongoWireProtocolHandler ?[0;39m ?[2m:?[0;39m client [id: 0x137e9f44, L:/127.0.0.1:53204 - R:/127.0.0.1:53206] connected
?[2m2025-03-23T12:29:01.216-04:00?[0;39m ?[32m INFO?[0;39m ?[35m90667?[0;39m ?[2m---?[0;39m ?[2m[localhost:53204]?[0;39m ?[2m?[0;39m?[36morg.mongodb.driver.cluster              ?[0;39m ?[2m:?[0;39m Monitor thread successfully connected to server with description ServerDescription{address=localhost:53204, type=STANDALONE, state=CONNECTED, ok=true, minWireVersion=0, maxWireVersion=6, maxDocumentSize=16777216, logicalSessionTimeoutMinutes=null, roundTripTimeNanos=2834584}
?[2m2025-03-23T12:29:01.235-04:00?[0;39m ?[32m INFO?[0;39m ?[35m90667?[0;39m ?[2m---?[0;39m ?[2m[-server-worker3]?[0;39m ?[2m?[0;39m?[36md.b.mongo.wire.MongoWireProtocolHandler ?[0;39m ?[2m:?[0;39m client [id: 0x76e817dd, L:/127.0.0.1:53204 - R:/127.0.0.1:53207] connected
?[2m2025-03-23T12:29:01.237-04:00?[0;39m ?[32m INFO?[0;39m ?[35m90667?[0;39m ?[2m---?[0;39m ?[2m[-server-worker3]?[0;39m ?[2m?[0;39m?[36md.b.mongo.backend.AbstractMongoBackend  ?[0;39m ?[2m:?[0;39m created database test
?[2m2025-03-23T12:29:01.237-04:00?[0;39m ?[32m INFO?[0;39m ?[35m90667?[0;39m ?[2m---?[0;39m ?[2m[-server-worker3]?[0;39m ?[2m?[0;39m?[36md.b.mongo.backend.AbstractMongoDatabase ?[0;39m ?[2m:?[0;39m adding unique _id index for collection employee
?[2m2025-03-23T12:29:01.237-04:00?[0;39m ?[32m INFO?[0;39m ?[35m90667?[0;39m ?[2m---?[0;39m ?[2m[-server-worker3]?[0;39m ?[2m?[0;39m?[36md.b.mongo.backend.AbstractMongoDatabase ?[0;39m ?[2m:?[0;39m created collection test.employee
?[2m2025-03-23T12:29:01.283-04:00?[0;39m ?[32m INFO?[0;39m ?[35m90667?[0;39m ?[2m---?[0;39m ?[2m[    Test worker]?[0;39m ?[2m?[0;39m?[36mo.s.b.w.embedded.tomcat.TomcatWebServer ?[0;39m ?[2m:?[0;39m Tomcat started on port 53208 (http) with context path ''
?[2m2025-03-23T12:29:01.284-04:00?[0;39m ?[32m INFO?[0;39m ?[35m90667?[0;39m ?[2m---?[0;39m ?[2m[    Test worker]?[0;39m ?[2m?[0;39m?[36mc.m.c.s.impl.EmployeeServiceImplTest    ?[0;39m ?[2m:?[0;39m Started EmployeeServiceImplTest in 0.253 seconds (process running for 2.112)
?[2m2025-03-23T12:29:01.334-04:00?[0;39m ?[32m INFO?[0;39m ?[35m90667?[0;39m ?[2m---?[0;39m ?[2m[o-auto-1-exec-1]?[0;39m ?[2m?[0;39m?[36mo.a.c.c.C.[Tomcat].[localhost].[/]      ?[0;39m ?[2m:?[0;39m Initializing Spring DispatcherServlet 'dispatcherServlet'
?[2m2025-03-23T12:29:01.334-04:00?[0;39m ?[32m INFO?[0;39m ?[35m90667?[0;39m ?[2m---?[0;39m ?[2m[o-auto-1-exec-1]?[0;39m ?[2m?[0;39m?[36mo.s.web.servlet.DispatcherServlet       ?[0;39m ?[2m:?[0;39m Initializing Servlet 'dispatcherServlet'
?[2m2025-03-23T12:29:01.334-04:00?[0;39m ?[32m INFO?[0;39m ?[35m90667?[0;39m ?[2m---?[0;39m ?[2m[o-auto-1-exec-1]?[0;39m ?[2m?[0;39m?[36mo.s.web.servlet.DispatcherServlet       ?[0;39m ?[2m:?[0;39m Completed initialization in 0 ms
?[2m2025-03-23T12:29:01.347-04:00?[0;39m ?[32mDEBUG?[0;39m ?[35m90667?[0;39m ?[2m---?[0;39m ?[2m[o-auto-1-exec-1]?[0;39m ?[2m?[0;39m?[36mc.m.c.controller.EmployeeController     ?[0;39m ?[2m:?[0;39m Received employee create request for [com.mindex.challenge.data.Employee@4b1fd1eb]
?[2m2025-03-23T12:29:01.347-04:00?[0;39m ?[32mDEBUG?[0;39m ?[35m90667?[0;39m ?[2m---?[0;39m ?[2m[o-auto-1-exec-1]?[0;39m ?[2m?[0;39m?[36mc.m.c.service.impl.EmployeeServiceImpl  ?[0;39m ?[2m:?[0;39m Creating employee [com.mindex.challenge.data.Employee@4b1fd1eb]
?[2m2025-03-23T12:29:01.357-04:00?[0;39m ?[32mDEBUG?[0;39m ?[35m90667?[0;39m ?[2m---?[0;39m ?[2m[o-auto-1-exec-2]?[0;39m ?[2m?[0;39m?[36mc.m.c.controller.EmployeeController     ?[0;39m ?[2m:?[0;39m Received employee create request for id [fd5f7968-d97a-4913-9709-75ad5d6b5e66]
?[2m2025-03-23T12:29:01.357-04:00?[0;39m ?[32mDEBUG?[0;39m ?[35m90667?[0;39m ?[2m---?[0;39m ?[2m[o-auto-1-exec-2]?[0;39m ?[2m?[0;39m?[36mc.m.c.service.impl.EmployeeServiceImpl  ?[0;39m ?[2m:?[0;39m Creating employee with id [fd5f7968-d97a-4913-9709-75ad5d6b5e66]
?[2m2025-03-23T12:29:01.362-04:00?[0;39m ?[32mDEBUG?[0;39m ?[35m90667?[0;39m ?[2m---?[0;39m ?[2m[o-auto-1-exec-3]?[0;39m ?[2m?[0;39m?[36mc.m.c.controller.EmployeeController     ?[0;39m ?[2m:?[0;39m Received employee create request for id [fd5f7968-d97a-4913-9709-75ad5d6b5e66] and employee [com.mindex.challenge.data.Employee@4dc3ffc1]
?[2m2025-03-23T12:29:01.362-04:00?[0;39m ?[32mDEBUG?[0;39m ?[35m90667?[0;39m ?[2m---?[0;39m ?[2m[o-auto-1-exec-3]?[0;39m ?[2m?[0;39m?[36mc.m.c.service.impl.EmployeeServiceImpl  ?[0;39m ?[2m:?[0;39m Updating employee [com.mindex.challenge.data.Employee@4dc3ffc1]
]]></system-out>
  <system-err><![CDATA[]]></system-err>
</testsuite>
